<?xml version="1.0" encoding="UTF-8"?>
<testng-results ignored="0" total="1" passed="1" failed="0" skipped="0">
  <reporter-output>
  </reporter-output>
  <suite started-at="2022-07-22T14:44:31 IST" name="Default suite" finished-at="2022-07-22T14:44:31 IST" duration-ms="115">
    <groups>
    </groups>
    <test started-at="2022-07-22T14:44:31 IST" name="Default test" finished-at="2022-07-22T14:44:31 IST" duration-ms="115">
      <class name="TestCases.TestNgProgram">
        <test-method is-config="true" signature="tc1()[pri:0, instance:TestCases.TestNgProgram@291ae]" started-at="2022-07-22T14:44:31 IST" name="tc1" finished-at="2022-07-22T14:44:31 IST" duration-ms="34" status="PASS">
          <reporter-output>
          </reporter-output>
        </test-method> <!-- tc1 -->
        <test-method is-config="true" signature="tc2()[pri:0, instance:TestCases.TestNgProgram@291ae]" started-at="2022-07-22T14:44:31 IST" name="tc2" finished-at="2022-07-22T14:44:31 IST" duration-ms="1" status="PASS">
          <reporter-output>
          </reporter-output>
        </test-method> <!-- tc2 -->
        <test-method is-config="true" signature="tc4()[pri:0, instance:TestCases.TestNgProgram@291ae]" started-at="2022-07-22T14:44:31 IST" name="tc4" finished-at="2022-07-22T14:44:31 IST" duration-ms="2" status="PASS">
          <reporter-output>
          </reporter-output>
        </test-method> <!-- tc4 -->
        <test-method signature="tc5()[pri:0, instance:TestCases.TestNgProgram@291ae]" started-at="2022-07-22T14:44:31 IST" name="tc5" finished-at="2022-07-22T14:44:31 IST" duration-ms="32" status="PASS">
          <reporter-output>
          </reporter-output>
        </test-method> <!-- tc5 -->
        <test-method is-config="true" signature="tc6()[pri:0, instance:TestCases.TestNgProgram@291ae]" started-at="2022-07-22T14:44:31 IST" name="tc6" finished-at="2022-07-22T14:44:31 IST" duration-ms="2" status="PASS">
          <reporter-output>
          </reporter-output>
        </test-method> <!-- tc6 -->
        <test-method is-config="true" signature="tc7()[pri:0, instance:TestCases.TestNgProgram@291ae]" started-at="2022-07-22T14:44:31 IST" name="tc7" finished-at="2022-07-22T14:44:31 IST" duration-ms="1" status="PASS">
          <reporter-output>
          </reporter-output>
        </test-method> <!-- tc7 -->
        <test-method is-config="true" signature="tc8()[pri:0, instance:TestCases.TestNgProgram@291ae]" started-at="2022-07-22T14:44:31 IST" name="tc8" finished-at="2022-07-22T14:44:31 IST" duration-ms="3" status="PASS">
          <reporter-output>
          </reporter-output>
        </test-method> <!-- tc8 -->
        <test-method is-config="true" signature="tc9()[pri:0, instance:TestCases.TestNgProgram@291ae]" started-at="2022-07-22T14:44:32 IST" name="tc9" finished-at="2022-07-22T14:44:32 IST" duration-ms="1" status="PASS">
          <reporter-output>
          </reporter-output>
        </test-method> <!-- tc9 -->
      </class> <!-- TestCases.TestNgProgram -->
    </test> <!-- Default test -->
  </suite> <!-- Default suite -->
</testng-results>
